<?xml version="1.0" encoding="UTF-8"?>
<!-- Generated by org.testng.reporters.JUnitXMLReporter -->
<testsuite ignored="0" hostname="Lauras-MacBook-Pro.local" failures="0" tests="3" name="Login Tests - Chrome" time="34.788" errors="0" timestamp="2021-08-16T20:19:40 CST">
  <testcase classname="selenium.TestAccount" name="Test_Create_New_Account" time="2.487"/>
  <testcase classname="selenium.TestAccount" name="Test_Login_Successful" time="1.733"/>
  <testcase classname="selenium.TestAccount" name="Test_Login_Unsuccessful" time="1.436"/>
</testsuite> <!-- Login Tests - Chrome -->
