<?xml version="1.0" encoding="UTF-8"?>
<!-- Generated by org.testng.reporters.JUnitXMLReporter -->
<testsuite ignored="0" hostname="Lauras-MacBook-Pro.local" failures="2" tests="5" name="Search Tests - Firefox" time="51.605" errors="0" timestamp="2021-08-15T11:51:30 CST">
  <testcase classname="selenium.TestSearch" name="Test_Empty_Results" time="0.072">
    <failure type="java.lang.AssertionError" message="Expecting 0 results, but got 4 expected [0] but found [4]">
      <![CDATA[java.lang.AssertionError: Expecting 0 results, but got 4 expected [0] but found [4]
at selenium.TestSearch.Test_Empty_Results(TestSearch.java:45)
at java.base/java.util.ArrayList.forEach(ArrayList.java:1511)
... Removed 35 stack frames]]>
    </failure>
  </testcase> <!-- Test_Empty_Results -->
  <testcase classname="selenium.TestSearch" name="Test_Search_WithData" time="2.455"/>
  <testcase classname="selenium.TestSearch" name="Test_Search_WithData" time="1.578"/>
  <testcase classname="selenium.TestSearch" name="Test_Search_WithData" time="2.124"/>
  <testcase classname="selenium.TestSearch" name="Validate_Search" time="0.05">
    <failure type="java.lang.AssertionError" message="did not expect to find [true] but found [false]">
      <![CDATA[java.lang.AssertionError: did not expect to find [true] but found [false]
at selenium.TestSearch.Validate_Search(TestSearch.java:23)
at java.base/java.util.ArrayList.forEach(ArrayList.java:1511)
... Removed 35 stack frames]]>
    </failure>
  </testcase> <!-- Validate_Search -->
</testsuite> <!-- Search Tests - Firefox -->
