<?xml version="1.0" encoding="UTF-8"?>
<!-- Generated by org.testng.reporters.JUnitXMLReporter -->
<testsuite ignored="0" hostname="Lauras-MacBook-Pro.local" failures="2" tests="2" name="Search Tests - Firefox" time="15.913" errors="0" timestamp="2021-08-09T21:12:28 CST">
  <testcase classname="TestSearch" name="Test_Empty_Results" time="0.096">
    <failure type="java.lang.AssertionError" message="Expecting 0 results, but got 4 expected [0] but found [4]">
      <![CDATA[java.lang.AssertionError: Expecting 0 results, but got 4 expected [0] but found [4]
at TestSearch.Test_Empty_Results(TestSearch.java:42)
at java.base/java.util.ArrayList.forEach(ArrayList.java:1511)
... Removed 35 stack frames]]>
    </failure>
  </testcase> <!-- Test_Empty_Results -->
  <testcase classname="TestSearch" name="Validate_Search" time="0.063">
    <failure type="java.lang.AssertionError" message="did not expect to find [true] but found [false]">
      <![CDATA[java.lang.AssertionError: did not expect to find [true] but found [false]
at TestSearch.Validate_Search(TestSearch.java:20)
at java.base/java.util.ArrayList.forEach(ArrayList.java:1511)
... Removed 35 stack frames]]>
    </failure>
  </testcase> <!-- Validate_Search -->
</testsuite> <!-- Search Tests - Firefox -->
