<?xml version="1.0" encoding="UTF-8"?>
<testsuite xmlns:xsi="http://www.w3.org/2001/XMLSchema-instance" xsi:noNamespaceSchemaLocation="https://maven.apache.org/surefire/maven-surefire-plugin/xsd/surefire-test-report.xsd" name="TestSuite" time="96.543" tests="8" errors="0" skipped="0" failures="2">
  <properties>
[...]
</properties>
  <testcase name="Test_Create_New_Account" classname="selenium.TestAccount" time="2.488"/>
  <testcase name="Test_Login_Successful" classname="selenium.TestAccount" time="1.734"/>
  <testcase name="Test_Login_Unsuccessful" classname="selenium.TestAccount" time="1.436"/>
  <testcase name="Test_Empty_Results" classname="selenium.TestSearch" time="0.095">
    <failure message="Expecting 0 results, but got 4 expected [0] but found [4]" type="java.lang.AssertionError">java.lang.AssertionError: Expecting 0 results, but got 4 expected [0] but found [4]
	at selenium.TestSearch.Test_Empty_Results(TestSearch.java:45)
</failure>
    <system-err><![CDATA[1629166781081	geckodriver	INFO	Listening on 127.0.0.1:43769
1629166781107	mozrunner::runner	INFO	Running command: "/Applications/Firefox.app/Contents/MacOS/firefox-bin" "--marionette" "-foreground" "-no-remote" "-profile" "/var/folders/p2/vn0tqmwj0f3cmrmq9sj5j3kw0000gn/T/rust_mozprofileW3Dmaw"
1629166781693	Marionette	INFO	Marionette enabled
console.warn: SearchSettings: "get: No settings file exists, new profile?" (new NotFoundError("Could not open the file at /var/folders/p2/vn0tqmwj0f3cmrmq9sj5j3kw0000gn/T/rust_mozprofileW3Dmaw/search.json.mozlz4", (void 0)))
1629166783728	Marionette	INFO	Listening on port 50523
1629166783824	Marionette	WARN	TLS certificate errors will be ignored for this session
Aug 16, 2021 8:19:43 PM org.openqa.selenium.remote.ProtocolHandshake createSession
INFO: Detected dialect: W3C
JavaScript error: resource://gre/actors/AutoCompleteChild.jsm, line 125: Error: Invalid autocomplete selectedIndex
]]></system-err>
  </testcase>
  <testcase name="Test_Search_WithData" classname="selenium.TestSearch" time="0.722"/>
  <testcase name="Test_Search_WithData" classname="selenium.TestSearch" time="0.528"/>
  <testcase name="Test_Search_WithData" classname="selenium.TestSearch" time="0.629"/>
  <testcase name="Validate_Search" classname="selenium.TestSearch" time="0.066">
    <failure message="did not expect to find [true] but found [false]" type="java.lang.AssertionError">java.lang.AssertionError: did not expect to find [true] but found [false]
	at selenium.TestSearch.Validate_Search(TestSearch.java:23)
</failure>
    <system-out><![CDATA[El browser ya estaba cerrado
]]></system-out>
    <system-err><![CDATA[1629166831184	Marionette	INFO	Stopped listening on port 50828

###!!! [Parent][RunMessage] Error: Channel closing: too late to send/recv, messages will be lost

1629166831843	geckodriver	INFO	Listening on 127.0.0.1:41300
1629166831853	mozrunner::runner	INFO	Running command: "/Applications/Firefox.app/Contents/MacOS/firefox-bin" "--marionette" "-foreground" "-no-remote" "-profile" "/var/folders/p2/vn0tqmwj0f3cmrmq9sj5j3kw0000gn/T/rust_mozprofilemOPlHy"
1629166832411	Marionette	INFO	Marionette enabled
console.warn: SearchSettings: "get: No settings file exists, new profile?" (new NotFoundError("Could not open the file at /var/folders/p2/vn0tqmwj0f3cmrmq9sj5j3kw0000gn/T/rust_mozprofilemOPlHy/search.json.mozlz4", (void 0)))
1629166834157	Marionette	INFO	Listening on port 50919
1629166834251	Marionette	WARN	TLS certificate errors will be ignored for this session
Aug 16, 2021 8:20:34 PM org.openqa.selenium.remote.ProtocolHandshake createSession
INFO: Detected dialect: W3C
JavaScript error: resource://gre/actors/AutoCompleteChild.jsm, line 125: Error: Invalid autocomplete selectedIndex
]]></system-err>
  </testcase>
</testsuite>