<?xml version="1.0" encoding="UTF-8"?>
<testsuite xmlns:xsi="http://www.w3.org/2001/XMLSchema-instance" xsi:noNamespaceSchemaLocation="https://maven.apache.org/surefire/maven-surefire-plugin/xsd/surefire-test-report.xsd" name="TestSuite" time="33.785" tests="4" errors="0" skipped="0" failures="2">
  <properties>
[...]
</properties>
  <testcase name="Test_Login_Successful" classname="TestAccount" time="1.891"/>
  <testcase name="Test_Login_Unsuccessful" classname="TestAccount" time="1.499"/>
  <testcase name="Test_Empty_Results" classname="TestSearch" time="0.11">
    <failure message="Expecting 0 results, but got 4 expected [0] but found [4]" type="java.lang.AssertionError">java.lang.AssertionError: Expecting 0 results, but got 4 expected [0] but found [4]
	at TestSearch.Test_Empty_Results(TestSearch.java:42)
</failure>
    <system-err><![CDATA[1628565135900	geckodriver	INFO	Listening on 127.0.0.1:8902
1628565135927	mozrunner::runner	INFO	Running command: "/Applications/Firefox.app/Contents/MacOS/firefox-bin" "--marionette" "-foreground" "-no-remote" "-profile" "/var/folders/p2/vn0tqmwj0f3cmrmq9sj5j3kw0000gn/T/rust_mozprofileVyrnIm"
1628565136656	Marionette	INFO	Marionette enabled
console.warn: SearchSettings: "get: No settings file exists, new profile?" (new NotFoundError("Could not open the file at /var/folders/p2/vn0tqmwj0f3cmrmq9sj5j3kw0000gn/T/rust_mozprofileVyrnIm/search.json.mozlz4", (void 0)))
1628565138913	Marionette	INFO	Listening on port 59466
1628565139037	Marionette	WARN	TLS certificate errors will be ignored for this session
Aug 09, 2021 9:12:19 PM org.openqa.selenium.remote.ProtocolHandshake createSession
INFO: Detected dialect: W3C
JavaScript error: resource://gre/actors/AutoCompleteChild.jsm, line 125: Error: Invalid autocomplete selectedIndex
]]></system-err>
  </testcase>
  <testcase name="Validate_Search" classname="TestSearch" time="0.065">
    <failure message="did not expect to find [true] but found [false]" type="java.lang.AssertionError">java.lang.AssertionError: did not expect to find [true] but found [false]
	at TestSearch.Validate_Search(TestSearch.java:20)
</failure>
    <system-out><![CDATA[El browser ya estaba cerrado
]]></system-out>
    <system-err><![CDATA[1628565141713	Marionette	INFO	Stopped listening on port 59466

###!!! [Parent][RunMessage] Error: Channel closing: too late to send/recv, messages will be lost

1628565142511	geckodriver	INFO	Listening on 127.0.0.1:29978
1628565142632	mozrunner::runner	INFO	Running command: "/Applications/Firefox.app/Contents/MacOS/firefox-bin" "--marionette" "-foreground" "-no-remote" "-profile" "/var/folders/p2/vn0tqmwj0f3cmrmq9sj5j3kw0000gn/T/rust_mozprofileSU9XFn"
1628565143376	Marionette	INFO	Marionette enabled
console.warn: SearchSettings: "get: No settings file exists, new profile?" (new NotFoundError("Could not open the file at /var/folders/p2/vn0tqmwj0f3cmrmq9sj5j3kw0000gn/T/rust_mozprofileSU9XFn/search.json.mozlz4", (void 0)))
1628565145419	Marionette	INFO	Listening on port 59561
1628565145533	Marionette	WARN	TLS certificate errors will be ignored for this session
Aug 09, 2021 9:12:25 PM org.openqa.selenium.remote.ProtocolHandshake createSession
INFO: Detected dialect: W3C
JavaScript error: resource://gre/actors/AutoCompleteChild.jsm, line 125: Error: Invalid autocomplete selectedIndex
]]></system-err>
  </testcase>
</testsuite>